{"numFailedTestSuites":0,"numFailedTests":0,"numPassedTestSuites":3,"numPassedTests":16,"numPendingTestSuites":0,"numPendingTests":0,"numRuntimeErrorTestSuites":0,"numTodoTests":0,"numTotalTestSuites":3,"numTotalTests":16,"openHandles":[],"snapshot":{"added":0,"didUpdate":false,"failure":false,"filesAdded":0,"filesRemoved":0,"filesRemovedList":[],"filesUnmatched":0,"filesUpdated":0,"matched":0,"total":0,"unchecked":0,"uncheckedKeysByFile":[],"unmatched":0,"updated":0},"startTime":1778408077143,"success":true,"testResults":[{"assertionResults":[{"ancestorTitles":["POST /api/chatbot/conversations"],"duration":69,"failureDetails":[],"failureMessages":[],"fullName":"POST /api/chatbot/conversations TC-CHAT-API-001: tạo conversation → 200/201","invocations":1,"location":null,"numPassingAsserts":1,"retryReasons":[],"status":"passed","title":"TC-CHAT-API-001: tạo conversation → 200/201"},{"ancestorTitles":["POST /api/chatbot/message"],"duration":150,"failureDetails":[],"failureMessages":[],"fullName":"POST /api/chatbot/message TC-CHAT-API-006: gửi tin nhắn → 200 (cần RASA up)","invocations":1,"location":null,"numPassingAsserts":1,"retryReasons":[],"status":"passed","title":"TC-CHAT-API-006: gửi tin nhắn → 200 (cần RASA up)"},{"ancestorTitles":["POST /api/chatbot/recommend"],"duration":184,"failureDetails":[],"failureMessages":[],"fullName":"POST /api/chatbot/recommend TC-CHAT-RECO-001: gợi ý trip cơ bản → 200 với hotels/tours/transports","invocations":1,"location":null,"numPassingAsserts":2,"retryReasons":[],"status":"passed","title":"TC-CHAT-RECO-001: gợi ý trip cơ bản → 200 với hotels/tours/transports"}],"endTime":1778408079208,"message":"","name":"D:\\KLTN UET\\tests\\api\\__tests__\\chatbot.test.ts","startTime":1778408077679,"status":"passed","summary":""},{"assertionResults":[{"ancestorTitles":["GET /api/client/hotels"],"duration":579,"failureDetails":[],"failureMessages":[],"fullName":"GET /api/client/hotels TC-API-HOTEL-001: list mặc định → 200 + array","invocations":1,"location":null,"numPassingAsserts":3,"retryReasons":[],"status":"passed","title":"TC-API-HOTEL-001: list mặc định → 200 + array"},{"ancestorTitles":["GET /api/client/hotels"],"duration":55,"failureDetails":[],"failureMessages":[],"fullName":"GET /api/client/hotels TC-API-HOTEL-006: id không tồn tại → 404 hoặc null","invocations":1,"location":null,"numPassingAsserts":1,"retryReasons":[],"status":"passed","title":"TC-API-HOTEL-006: id không tồn tại → 404 hoặc null"},{"ancestorTitles":["GET /api/client/hotels"],"duration":4,"failureDetails":[],"failureMessages":[],"fullName":"GET /api/client/hotels TC-API-HOTEL-007: id sai format → 400 hoặc 404","invocations":1,"location":null,"numPassingAsserts":1,"retryReasons":[],"status":"passed","title":"TC-API-HOTEL-007: id sai format → 400 hoặc 404"},{"ancestorTitles":["Admin guard (TC-ADM-001/002/003)"],"duration":3,"failureDetails":[],"failureMessages":[],"fullName":"Admin guard (TC-ADM-001/002/003) không token → 401","invocations":1,"location":null,"numPassingAsserts":1,"retryReasons":[],"status":"passed","title":"không token → 401"},{"ancestorTitles":["Admin guard (TC-ADM-001/002/003)"],"duration":3,"failureDetails":[],"failureMessages":[],"fullName":"Admin guard (TC-ADM-001/002/003) token user thường → 403","invocations":1,"location":null,"numPassingAsserts":1,"retryReasons":[],"status":"passed","title":"token user thường → 403"}],"endTime":1778408079472,"message":"","name":"D:\\KLTN UET\\tests\\api\\__tests__\\hotels.test.ts","startTime":1778408077682,"status":"passed","summary":""},{"assertionResults":[{"ancestorTitles":["POST /api/client/auth/register"],"duration":499,"failureDetails":[],"failureMessages":[],"fullName":"POST /api/client/auth/register TC-API-AUTH-001: register hợp lệ → 201 + token","invocations":1,"location":null,"numPassingAsserts":4,"retryReasons":[],"status":"passed","title":"TC-API-AUTH-001: register hợp lệ → 201 + token"},{"ancestorTitles":["POST /api/client/auth/register"],"duration":216,"failureDetails":[],"failureMessages":[],"fullName":"POST /api/client/auth/register TC-API-AUTH-002: email đã tồn tại → 400","invocations":1,"location":null,"numPassingAsserts":2,"retryReasons":[],"status":"passed","title":"TC-API-AUTH-002: email đã tồn tại → 400"},{"ancestorTitles":["POST /api/client/auth/register"],"duration":5,"failureDetails":[],"failureMessages":[],"fullName":"POST /api/client/auth/register TC-API-AUTH-003: thiếu trường bắt buộc → 400","invocations":1,"location":null,"numPassingAsserts":1,"retryReasons":[],"status":"passed","title":"TC-API-AUTH-003: thiếu trường bắt buộc → 400"},{"ancestorTitles":["POST /api/client/auth/login"],"duration":54,"failureDetails":[],"failureMessages":[],"fullName":"POST /api/client/auth/login TC-API-AUTH-005: sai password → 401","invocations":1,"location":null,"numPassingAsserts":1,"retryReasons":[],"status":"passed","title":"TC-API-AUTH-005: sai password → 401"},{"ancestorTitles":["POST /api/client/auth/login"],"duration":55,"failureDetails":[],"failureMessages":[],"fullName":"POST /api/client/auth/login TC-API-AUTH-006: email không tồn tại → 401","invocations":1,"location":null,"numPassingAsserts":1,"retryReasons":[],"status":"passed","title":"TC-API-AUTH-006: email không tồn tại → 401"},{"ancestorTitles":["GET /api/client/auth/me"],"duration":5,"failureDetails":[],"failureMessages":[],"fullName":"GET /api/client/auth/me TC-API-AUTH-008: không token → 401","invocations":1,"location":null,"numPassingAsserts":1,"retryReasons":[],"status":"passed","title":"TC-API-AUTH-008: không token → 401"},{"ancestorTitles":["GET /api/client/auth/me"],"duration":4,"failureDetails":[],"failureMessages":[],"fullName":"GET /api/client/auth/me TC-API-AUTH-009: token sai → 401","invocations":1,"location":null,"numPassingAsserts":1,"retryReasons":[],"status":"passed","title":"TC-API-AUTH-009: token sai → 401"},{"ancestorTitles":["Security: NoSQL injection on login (TC-SEC-008)"],"duration":113,"failureDetails":[],"failureMessages":[],"fullName":"Security: NoSQL injection on login (TC-SEC-008) payload {$ne:null} không bypass auth (200 = FAIL bảo mật)","invocations":1,"location":null,"numPassingAsserts":2,"retryReasons":[],"status":"passed","title":"payload {$ne:null} không bypass auth (200 = FAIL bảo mật)"}],"endTime":1778408079932,"message":"","name":"D:\\KLTN UET\\tests\\api\\__tests__\\auth.test.ts","startTime":1778408077682,"status":"passed","summary":""}],"wasInterrupted":false,"coverageMap":{}}
